2020-05-08 08:44:53.354  INFO 20400 --- [main] com.example.demo.DemoApplicationTests    : Starting DemoApplicationTests on TOMENTER with PID 20400 (started by Administrator in C:\Users\Administrator\IdeaProjects\demo)
2020-05-08 08:44:53.401  INFO 20400 --- [main] com.example.demo.DemoApplicationTests    : No active profile set, falling back to default profiles: default
2020-05-08 08:44:56.256  INFO 20400 --- [main] o.s.s.concurrent.ThreadPoolTaskExecutor  : Initializing ExecutorService 'applicationTaskExecutor'
2020-05-08 08:44:56.537  INFO 20400 --- [main] o.s.b.a.w.s.WelcomePageHandlerMapping    : Adding welcome page template: index
2020-05-08 08:44:57.959  INFO 20400 --- [main] com.example.demo.DemoApplicationTests    : Started DemoApplicationTests in 5.2 seconds (JVM running for 7.449)
2020-05-08 08:44:58.443  INFO 20400 --- [main] com.zaxxer.hikari.HikariDataSource       : HikariPool-1 - Starting...
2020-05-08 08:45:00.680  INFO 20400 --- [main] com.zaxxer.hikari.HikariDataSource       : HikariPool-1 - Start completed.
2020-05-08 08:45:00.805  INFO 20400 --- [SpringContextShutdownHook] com.zaxxer.hikari.HikariDataSource       : HikariPool-1 - Shutdown initiated...
2020-05-08 08:45:00.836  INFO 20400 --- [SpringContextShutdownHook] com.zaxxer.hikari.HikariDataSource       : HikariPool-1 - Shutdown completed.
2020-05-08 08:45:00.836  INFO 20400 --- [SpringContextShutdownHook] o.s.s.concurrent.ThreadPoolTaskExecutor  : Shutting down ExecutorService 'applicationTaskExecutor'
2020-05-08 08:51:05.792  INFO 6504 --- [main] com.example.demo.DemoApplicationTests    : Starting DemoApplicationTests on TOMENTER with PID 6504 (started by Administrator in C:\Users\Administrator\IdeaProjects\demo)
2020-05-08 08:51:05.792  INFO 6504 --- [main] com.example.demo.DemoApplicationTests    : No active profile set, falling back to default profiles: default
2020-05-08 08:51:09.398  INFO 6504 --- [main] o.s.s.concurrent.ThreadPoolTaskExecutor  : Initializing ExecutorService 'applicationTaskExecutor'
2020-05-08 08:51:09.726  INFO 6504 --- [main] o.s.b.a.w.s.WelcomePageHandlerMapping    : Adding welcome page template: index
2020-05-08 08:51:11.022  INFO 6504 --- [main] com.example.demo.DemoApplicationTests    : Started DemoApplicationTests in 6.17 seconds (JVM running for 8.295)
2020-05-08 08:51:11.491  INFO 6504 --- [main] com.zaxxer.hikari.HikariDataSource       : HikariPool-1 - Starting...
2020-05-08 08:51:13.913  INFO 6504 --- [main] com.zaxxer.hikari.HikariDataSource       : HikariPool-1 - Start completed.
2020-05-08 08:51:14.038  INFO 6504 --- [SpringContextShutdownHook] com.zaxxer.hikari.HikariDataSource       : HikariPool-1 - Shutdown initiated...
2020-05-08 08:51:14.069  INFO 6504 --- [SpringContextShutdownHook] com.zaxxer.hikari.HikariDataSource       : HikariPool-1 - Shutdown completed.
2020-05-08 08:51:14.069  INFO 6504 --- [SpringContextShutdownHook] o.s.s.concurrent.ThreadPoolTaskExecutor  : Shutting down ExecutorService 'applicationTaskExecutor'
2020-05-08 09:12:24.622  INFO 25828 --- [main] com.example.demo.DemoApplicationTests    : Starting DemoApplicationTests on TOMENTER with PID 25828 (started by Administrator in C:\Users\Administrator\IdeaProjects\demo)
2020-05-08 09:12:24.622  INFO 25828 --- [main] com.example.demo.DemoApplicationTests    : No active profile set, falling back to default profiles: default
2020-05-08 09:12:27.534  INFO 25828 --- [main] o.s.s.concurrent.ThreadPoolTaskExecutor  : Initializing ExecutorService 'applicationTaskExecutor'
2020-05-08 09:12:27.847  INFO 25828 --- [main] o.s.b.a.w.s.WelcomePageHandlerMapping    : Adding welcome page template: index
2020-05-08 09:12:29.550  INFO 25828 --- [main] com.example.demo.DemoApplicationTests    : Started DemoApplicationTests in 5.638 seconds (JVM running for 8.193)
2020-05-08 09:12:29.981  INFO 25828 --- [main] com.zaxxer.hikari.HikariDataSource       : HikariPool-1 - Starting...
2020-05-08 09:12:32.244  INFO 25828 --- [main] com.zaxxer.hikari.HikariDataSource       : HikariPool-1 - Start completed.
2020-05-08 09:12:32.389  INFO 25828 --- [SpringContextShutdownHook] com.zaxxer.hikari.HikariDataSource       : HikariPool-1 - Shutdown initiated...
2020-05-08 09:12:32.414  INFO 25828 --- [SpringContextShutdownHook] com.zaxxer.hikari.HikariDataSource       : HikariPool-1 - Shutdown completed.
2020-05-08 09:12:32.416  INFO 25828 --- [SpringContextShutdownHook] o.s.s.concurrent.ThreadPoolTaskExecutor  : Shutting down ExecutorService 'applicationTaskExecutor'
2020-05-08 09:14:17.673  INFO 26196 --- [main] com.example.demo.DemoApplicationTests    : Starting DemoApplicationTests on TOMENTER with PID 26196 (started by Administrator in C:\Users\Administrator\IdeaProjects\demo)
2020-05-08 09:14:17.676  INFO 26196 --- [main] com.example.demo.DemoApplicationTests    : No active profile set, falling back to default profiles: default
2020-05-08 09:14:20.610  INFO 26196 --- [main] o.s.s.concurrent.ThreadPoolTaskExecutor  : Initializing ExecutorService 'applicationTaskExecutor'
2020-05-08 09:14:20.936  INFO 26196 --- [main] o.s.b.a.w.s.WelcomePageHandlerMapping    : Adding welcome page template: index
2020-05-08 09:14:22.410  INFO 26196 --- [main] com.example.demo.DemoApplicationTests    : Started DemoApplicationTests in 5.462 seconds (JVM running for 7.644)
2020-05-08 09:14:22.776  INFO 26196 --- [main] com.zaxxer.hikari.HikariDataSource       : HikariPool-1 - Starting...
2020-05-08 09:14:24.798  INFO 26196 --- [main] com.zaxxer.hikari.HikariDataSource       : HikariPool-1 - Start completed.
2020-05-08 09:14:24.949  INFO 26196 --- [SpringContextShutdownHook] com.zaxxer.hikari.HikariDataSource       : HikariPool-1 - Shutdown initiated...
2020-05-08 09:14:24.991  INFO 26196 --- [SpringContextShutdownHook] com.zaxxer.hikari.HikariDataSource       : HikariPool-1 - Shutdown completed.
2020-05-08 09:14:24.993  INFO 26196 --- [SpringContextShutdownHook] o.s.s.concurrent.ThreadPoolTaskExecutor  : Shutting down ExecutorService 'applicationTaskExecutor'
2020-05-08 09:37:11.721  INFO 29392 --- [main] com.example.demo.DemoApplicationTests    : Starting DemoApplicationTests on TOMENTER with PID 29392 (started by Administrator in C:\Users\Administrator\IdeaProjects\demo)
2020-05-08 09:37:11.721  INFO 29392 --- [main] com.example.demo.DemoApplicationTests    : No active profile set, falling back to default profiles: default
2020-05-08 09:37:14.798  INFO 29392 --- [main] o.s.s.concurrent.ThreadPoolTaskExecutor  : Initializing ExecutorService 'applicationTaskExecutor'
2020-05-08 09:37:15.070  INFO 29392 --- [main] o.s.b.a.w.s.WelcomePageHandlerMapping    : Adding welcome page template: index
2020-05-08 09:37:16.496  INFO 29392 --- [main] com.example.demo.DemoApplicationTests    : Started DemoApplicationTests in 5.436 seconds (JVM running for 7.775)
2020-05-08 09:37:16.918  INFO 29392 --- [main] com.zaxxer.hikari.HikariDataSource       : HikariPool-1 - Starting...
2020-05-08 09:37:19.407  INFO 29392 --- [main] com.zaxxer.hikari.HikariDataSource       : HikariPool-1 - Start completed.
2020-05-08 09:37:19.565  INFO 29392 --- [SpringContextShutdownHook] com.zaxxer.hikari.HikariDataSource       : HikariPool-1 - Shutdown initiated...
2020-05-08 09:37:19.619  INFO 29392 --- [SpringContextShutdownHook] com.zaxxer.hikari.HikariDataSource       : HikariPool-1 - Shutdown completed.
2020-05-08 09:37:19.622  INFO 29392 --- [SpringContextShutdownHook] o.s.s.concurrent.ThreadPoolTaskExecutor  : Shutting down ExecutorService 'applicationTaskExecutor'
2020-05-08 09:40:07.415  INFO 31516 --- [main] com.example.demo.DemoApplicationTests    : Starting DemoApplicationTests on TOMENTER with PID 31516 (started by Administrator in C:\Users\Administrator\IdeaProjects\demo)
2020-05-08 09:40:07.415  INFO 31516 --- [main] com.example.demo.DemoApplicationTests    : No active profile set, falling back to default profiles: default
2020-05-08 09:40:10.792  INFO 31516 --- [main] o.s.s.concurrent.ThreadPoolTaskExecutor  : Initializing ExecutorService 'applicationTaskExecutor'
2020-05-08 09:40:11.083  INFO 31516 --- [main] o.s.b.a.w.s.WelcomePageHandlerMapping    : Adding welcome page template: index
2020-05-08 09:40:12.413  INFO 31516 --- [main] com.example.demo.DemoApplicationTests    : Started DemoApplicationTests in 5.742 seconds (JVM running for 8.12)
2020-05-08 09:40:12.890  INFO 31516 --- [main] com.zaxxer.hikari.HikariDataSource       : HikariPool-1 - Starting...
2020-05-08 09:40:15.470  INFO 31516 --- [main] com.zaxxer.hikari.HikariDataSource       : HikariPool-1 - Start completed.
2020-05-08 09:40:15.596  INFO 31516 --- [SpringContextShutdownHook] com.zaxxer.hikari.HikariDataSource       : HikariPool-1 - Shutdown initiated...
2020-05-08 09:40:15.630  INFO 31516 --- [SpringContextShutdownHook] com.zaxxer.hikari.HikariDataSource       : HikariPool-1 - Shutdown completed.
2020-05-08 09:40:15.633  INFO 31516 --- [SpringContextShutdownHook] o.s.s.concurrent.ThreadPoolTaskExecutor  : Shutting down ExecutorService 'applicationTaskExecutor'
2020-05-08 09:51:01.689  INFO 33660 --- [main] com.example.demo.DemoApplicationTests    : Starting DemoApplicationTests on TOMENTER with PID 33660 (started by Administrator in C:\Users\Administrator\IdeaProjects\demo)
2020-05-08 09:51:01.705  INFO 33660 --- [main] com.example.demo.DemoApplicationTests    : No active profile set, falling back to default profiles: default
2020-05-08 09:51:04.784  INFO 33660 --- [main] o.s.s.concurrent.ThreadPoolTaskExecutor  : Initializing ExecutorService 'applicationTaskExecutor'
2020-05-08 09:51:05.027  INFO 33660 --- [main] o.s.b.a.w.s.WelcomePageHandlerMapping    : Adding welcome page template: index
2020-05-08 09:51:06.512  INFO 33660 --- [main] com.example.demo.DemoApplicationTests    : Started DemoApplicationTests in 5.627 seconds (JVM running for 7.976)
2020-05-08 09:51:07.008  INFO 33660 --- [main] com.zaxxer.hikari.HikariDataSource       : HikariPool-1 - Starting...
2020-05-08 09:51:09.502  INFO 33660 --- [main] com.zaxxer.hikari.HikariDataSource       : HikariPool-1 - Start completed.
2020-05-08 09:51:09.644  INFO 33660 --- [SpringContextShutdownHook] com.zaxxer.hikari.HikariDataSource       : HikariPool-1 - Shutdown initiated...
2020-05-08 09:51:09.708  INFO 33660 --- [SpringContextShutdownHook] com.zaxxer.hikari.HikariDataSource       : HikariPool-1 - Shutdown completed.
2020-05-08 09:51:09.708  INFO 33660 --- [SpringContextShutdownHook] o.s.s.concurrent.ThreadPoolTaskExecutor  : Shutting down ExecutorService 'applicationTaskExecutor'
2020-05-08 10:15:11.429  INFO 37272 --- [main] com.example.demo.KK                      : Starting KK on TOMENTER with PID 37272 (started by Administrator in C:\Users\Administrator\IdeaProjects\demo)
2020-05-08 10:15:11.431  INFO 37272 --- [main] com.example.demo.KK                      : No active profile set, falling back to default profiles: default
2020-05-08 10:15:14.699  INFO 37272 --- [main] o.s.s.concurrent.ThreadPoolTaskExecutor  : Initializing ExecutorService 'applicationTaskExecutor'
2020-05-08 10:15:14.966  INFO 37272 --- [main] o.s.b.a.w.s.WelcomePageHandlerMapping    : Adding welcome page template: index
2020-05-08 10:15:16.314  INFO 37272 --- [main] com.example.demo.KK                      : Started KK in 5.598 seconds (JVM running for 7.861)
2020-05-08 10:15:16.679  INFO 37272 --- [SpringContextShutdownHook] o.s.s.concurrent.ThreadPoolTaskExecutor  : Shutting down ExecutorService 'applicationTaskExecutor'
2020-05-08 10:19:16.993  INFO 37000 --- [main] com.example.demo.KK                      : Starting KK on TOMENTER with PID 37000 (started by Administrator in C:\Users\Administrator\IdeaProjects\demo)
2020-05-08 10:19:16.996  INFO 37000 --- [main] com.example.demo.KK                      : No active profile set, falling back to default profiles: default
2020-05-08 10:19:20.614  INFO 37000 --- [main] o.s.s.concurrent.ThreadPoolTaskExecutor  : Initializing ExecutorService 'applicationTaskExecutor'
2020-05-08 10:19:20.966  INFO 37000 --- [main] o.s.b.a.w.s.WelcomePageHandlerMapping    : Adding welcome page template: index
2020-05-08 10:19:22.642  INFO 37000 --- [main] com.example.demo.KK                      : Started KK in 6.336 seconds (JVM running for 8.603)
2020-05-08 10:19:23.038  INFO 37000 --- [SpringContextShutdownHook] o.s.s.concurrent.ThreadPoolTaskExecutor  : Shutting down ExecutorService 'applicationTaskExecutor'
2020-05-08 10:22:37.181  INFO 38836 --- [main] com.example.demo.KK                      : Starting KK on TOMENTER with PID 38836 (started by Administrator in C:\Users\Administrator\IdeaProjects\demo)
2020-05-08 10:22:37.184  INFO 38836 --- [main] com.example.demo.KK                      : No active profile set, falling back to default profiles: default
2020-05-08 10:22:40.647  INFO 38836 --- [main] o.s.s.concurrent.ThreadPoolTaskExecutor  : Initializing ExecutorService 'applicationTaskExecutor'
2020-05-08 10:22:40.949  INFO 38836 --- [main] o.s.b.a.w.s.WelcomePageHandlerMapping    : Adding welcome page template: index
2020-05-08 10:22:42.389  INFO 38836 --- [main] com.example.demo.KK                      : Started KK in 6.014 seconds (JVM running for 8.324)
2020-05-08 10:22:42.821  INFO 38836 --- [SpringContextShutdownHook] o.s.s.concurrent.ThreadPoolTaskExecutor  : Shutting down ExecutorService 'applicationTaskExecutor'
2020-05-08 10:23:38.204  INFO 39044 --- [main] com.example.demo.KK                      : Starting KK on TOMENTER with PID 39044 (started by Administrator in C:\Users\Administrator\IdeaProjects\demo)
2020-05-08 10:23:38.204  INFO 39044 --- [main] com.example.demo.KK                      : No active profile set, falling back to default profiles: default
2020-05-08 10:23:41.354  INFO 39044 --- [main] o.s.s.concurrent.ThreadPoolTaskExecutor  : Initializing ExecutorService 'applicationTaskExecutor'
2020-05-08 10:23:41.613  INFO 39044 --- [main] o.s.b.a.w.s.WelcomePageHandlerMapping    : Adding welcome page template: index
2020-05-08 10:23:42.779  INFO 39044 --- [main] com.example.demo.KK                      : Started KK in 5.303 seconds (JVM running for 7.438)
2020-05-08 10:23:43.139  INFO 39044 --- [SpringContextShutdownHook] o.s.s.concurrent.ThreadPoolTaskExecutor  : Shutting down ExecutorService 'applicationTaskExecutor'
2020-05-08 10:28:30.675  INFO 24760 --- [main] com.example.demo.KK                      : Starting KK on TOMENTER with PID 24760 (started by Administrator in C:\Users\Administrator\IdeaProjects\demo)
2020-05-08 10:28:30.722  INFO 24760 --- [main] com.example.demo.KK                      : No active profile set, falling back to default profiles: default
2020-05-08 10:28:33.910  INFO 24760 --- [main] o.s.s.concurrent.ThreadPoolTaskExecutor  : Initializing ExecutorService 'applicationTaskExecutor'
2020-05-08 10:28:34.143  INFO 24760 --- [main] o.s.b.a.w.s.WelcomePageHandlerMapping    : Adding welcome page template: index
2020-05-08 10:28:35.440  INFO 24760 --- [main] com.example.demo.KK                      : Started KK in 5.461 seconds (JVM running for 7.54)
2020-05-08 10:28:35.794  INFO 24760 --- [SpringContextShutdownHook] o.s.s.concurrent.ThreadPoolTaskExecutor  : Shutting down ExecutorService 'applicationTaskExecutor'
2020-05-08 10:43:44.360  INFO 6212 --- [main] com.example.demo.KK                      : Starting KK on TOMENTER with PID 6212 (started by Administrator in C:\Users\Administrator\IdeaProjects\demo)
2020-05-08 10:43:44.364  INFO 6212 --- [main] com.example.demo.KK                      : No active profile set, falling back to default profiles: default
2020-05-08 10:43:47.638  INFO 6212 --- [main] o.s.s.concurrent.ThreadPoolTaskExecutor  : Initializing ExecutorService 'applicationTaskExecutor'
2020-05-08 10:43:47.864  INFO 6212 --- [main] o.s.b.a.w.s.WelcomePageHandlerMapping    : Adding welcome page template: index
2020-05-08 10:43:49.079  INFO 6212 --- [main] com.example.demo.KK                      : Started KK in 5.45 seconds (JVM running for 7.563)
2020-05-08 10:43:49.423  INFO 6212 --- [SpringContextShutdownHook] o.s.s.concurrent.ThreadPoolTaskExecutor  : Shutting down ExecutorService 'applicationTaskExecutor'
2020-05-08 10:58:32.829  INFO 42440 --- [main] com.example.demo.KK                      : Starting KK on TOMENTER with PID 42440 (started by Administrator in C:\Users\Administrator\IdeaProjects\demo)
2020-05-08 10:58:32.829  INFO 42440 --- [main] com.example.demo.KK                      : No active profile set, falling back to default profiles: default
2020-05-08 10:58:35.816  INFO 42440 --- [main] o.s.s.concurrent.ThreadPoolTaskExecutor  : Initializing ExecutorService 'applicationTaskExecutor'
2020-05-08 10:58:36.133  INFO 42440 --- [main] o.s.b.a.w.s.WelcomePageHandlerMapping    : Adding welcome page template: index
2020-05-08 10:58:37.449  INFO 42440 --- [main] com.example.demo.KK                      : Started KK in 5.265 seconds (JVM running for 7.377)
2020-05-08 10:58:37.811  INFO 42440 --- [SpringContextShutdownHook] o.s.s.concurrent.ThreadPoolTaskExecutor  : Shutting down ExecutorService 'applicationTaskExecutor'
2020-05-08 11:00:10.554  INFO 44256 --- [main] com.example.demo.KK                      : Starting KK on TOMENTER with PID 44256 (started by Administrator in C:\Users\Administrator\IdeaProjects\demo)
2020-05-08 11:00:10.554  INFO 44256 --- [main] com.example.demo.KK                      : No active profile set, falling back to default profiles: default
2020-05-08 11:00:12.974  INFO 44256 --- [main] o.s.s.concurrent.ThreadPoolTaskExecutor  : Initializing ExecutorService 'applicationTaskExecutor'
2020-05-08 11:00:13.149  INFO 44256 --- [main] o.s.b.a.w.s.WelcomePageHandlerMapping    : Adding welcome page template: index
2020-05-08 11:00:14.447  INFO 44256 --- [main] com.example.demo.KK                      : Started KK in 4.697 seconds (JVM running for 7.402)
2020-05-08 11:00:14.924  INFO 44256 --- [SpringContextShutdownHook] o.s.s.concurrent.ThreadPoolTaskExecutor  : Shutting down ExecutorService 'applicationTaskExecutor'
2020-05-08 11:04:18.405  INFO 45912 --- [main] com.example.demo.KK                      : Starting KK on TOMENTER with PID 45912 (started by Administrator in C:\Users\Administrator\IdeaProjects\demo)
2020-05-08 11:04:18.407  INFO 45912 --- [main] com.example.demo.KK                      : No active profile set, falling back to default profiles: default
2020-05-08 11:04:21.299  INFO 45912 --- [main] o.s.s.concurrent.ThreadPoolTaskExecutor  : Initializing ExecutorService 'applicationTaskExecutor'
2020-05-08 11:04:21.500  INFO 45912 --- [main] o.s.b.a.w.s.WelcomePageHandlerMapping    : Adding welcome page template: index
2020-05-08 11:04:22.775  INFO 45912 --- [main] com.example.demo.KK                      : Started KK in 5.21 seconds (JVM running for 7.274)
2020-05-08 11:04:23.173  INFO 45912 --- [SpringContextShutdownHook] o.s.s.concurrent.ThreadPoolTaskExecutor  : Shutting down ExecutorService 'applicationTaskExecutor'
2020-05-08 11:04:47.110  INFO 43144 --- [main] com.example.demo.KK                      : Starting KK on TOMENTER with PID 43144 (started by Administrator in C:\Users\Administrator\IdeaProjects\demo)
2020-05-08 11:04:47.114  INFO 43144 --- [main] com.example.demo.KK                      : No active profile set, falling back to default profiles: default
2020-05-08 11:04:49.716  INFO 43144 --- [main] o.s.s.concurrent.ThreadPoolTaskExecutor  : Initializing ExecutorService 'applicationTaskExecutor'
2020-05-08 11:04:49.917  INFO 43144 --- [main] o.s.b.a.w.s.WelcomePageHandlerMapping    : Adding welcome page template: index
2020-05-08 11:04:51.031  INFO 43144 --- [main] com.example.demo.KK                      : Started KK in 4.721 seconds (JVM running for 6.758)
2020-05-08 11:04:51.400  INFO 43144 --- [SpringContextShutdownHook] o.s.s.concurrent.ThreadPoolTaskExecutor  : Shutting down ExecutorService 'applicationTaskExecutor'
2020-05-08 11:09:48.902  INFO 42656 --- [main] com.example.demo.KK                      : Starting KK on TOMENTER with PID 42656 (started by Administrator in C:\Users\Administrator\IdeaProjects\demo)
2020-05-08 11:09:48.907  INFO 42656 --- [main] com.example.demo.KK                      : No active profile set, falling back to default profiles: default
2020-05-08 11:09:51.374  INFO 42656 --- [main] o.s.s.concurrent.ThreadPoolTaskExecutor  : Initializing ExecutorService 'applicationTaskExecutor'
2020-05-08 11:09:51.577  INFO 42656 --- [main] o.s.b.a.w.s.WelcomePageHandlerMapping    : Adding welcome page template: index
2020-05-08 11:09:52.801  INFO 42656 --- [main] com.example.demo.KK                      : Started KK in 4.822 seconds (JVM running for 6.896)
2020-05-08 11:09:53.198  INFO 42656 --- [SpringContextShutdownHook] o.s.s.concurrent.ThreadPoolTaskExecutor  : Shutting down ExecutorService 'applicationTaskExecutor'
2020-05-08 11:12:20.745  INFO 16108 --- [main] com.example.demo.KK                      : Starting KK on TOMENTER with PID 16108 (started by Administrator in C:\Users\Administrator\IdeaProjects\demo)
2020-05-08 11:12:20.745  INFO 16108 --- [main] com.example.demo.KK                      : No active profile set, falling back to default profiles: default
2020-05-08 11:12:23.685  INFO 16108 --- [main] o.s.s.concurrent.ThreadPoolTaskExecutor  : Initializing ExecutorService 'applicationTaskExecutor'
2020-05-08 11:12:23.902  INFO 16108 --- [main] o.s.b.a.w.s.WelcomePageHandlerMapping    : Adding welcome page template: index
2020-05-08 11:12:25.366  INFO 16108 --- [main] com.example.demo.KK                      : Started KK in 5.353 seconds (JVM running for 7.555)
2020-05-08 11:12:25.772  INFO 16108 --- [SpringContextShutdownHook] o.s.s.concurrent.ThreadPoolTaskExecutor  : Shutting down ExecutorService 'applicationTaskExecutor'
